<?xml version="1.0" encoding="UTF-8"?>
<!-- Generated by org.testng.reporters.JUnitReportReporter -->
<testsuite hostname="LTIN279377" failures="0" tests="1" name="testCases.TC_03_getItems" time="4.161" errors="0" timestamp="2024-03-09T17:22:05 IST" skipped="0">
  <testcase classname="testCases.TC_03_getItems" name="fetch_the_top_three_items_print_all_details_in_console_output" time="4.161"/>
  <system-out/>
</testsuite> <!-- testCases.TC_03_getItems -->
