<?xml version="1.0" encoding="UTF-8"?>
<!-- Generated by org.testng.reporters.JUnitReportReporter -->
<testsuite hostname="LTIN279377" failures="0" tests="4" name="testCases.TC_02_conditions" time="14.264" errors="0" timestamp="2024-03-09T17:22:05 IST" skipped="0">
  <testcase classname="testCases.TC_02_conditions" name="select_the_price_range_below_fifteen_thousand" time="4.398"/>
  <system-out/>
  <testcase classname="testCases.TC_02_conditions" name="chooses_the_category_kid_bookshelves" time="3.321"/>
  <system-out/>
  <testcase classname="testCases.TC_02_conditions" name="exclude_out_of_stock" time="3.169"/>
  <system-out/>
  <testcase classname="testCases.TC_02_conditions" name="sorts_by_price_high_to_low" time="3.376"/>
  <system-out/>
</testsuite> <!-- testCases.TC_02_conditions -->
