<?xml version="1.0" encoding="UTF-8"?>
<!-- Generated by org.testng.reporters.JUnitReportReporter -->
<testsuite hostname="LTIN279377" failures="0" tests="1" name="testCases.TC_07_confirmDetails" time="4.403" errors="0" timestamp="2024-03-09T17:22:05 IST" skipped="0">
  <testcase classname="testCases.TC_07_confirmDetails" name="confirm_the_details_in_confirm_details_section" time="4.403"/>
  <system-out/>
</testsuite> <!-- testCases.TC_07_confirmDetails -->
