<?xml version="1.0" encoding="UTF-8"?>
<!-- Generated by org.testng.reporters.JUnitReportReporter -->
<testsuite hostname="LTIN279377" failures="0" tests="2" name="testCases.TC_04_living" time="7.130" errors="0" timestamp="2024-03-09T17:22:05 IST" skipped="0">
  <testcase classname="testCases.TC_04_living" name="user_clicks_on_the_living_menu" time="0.237"/>
  <system-out/>
  <testcase classname="testCases.TC_04_living" name="retrieve_all_items_under_living_storage_sub_menu_and_print_the_same_on_the_console" time="6.893"/>
  <system-out/>
</testsuite> <!-- testCases.TC_04_living -->
