<?xml version="1.0" encoding="UTF-8"?>
<!-- Generated by org.testng.reporters.JUnitReportReporter -->
<testsuite hostname="LTIN279377" failures="0" tests="2" name="testCases.TC_06_validation" time="26.077" errors="0" timestamp="2024-03-09T17:22:05 IST" skipped="0">
  <testcase classname="testCases.TC_06_validation" name="validate_the_email_id" time="12.016"/>
  <system-out/>
  <testcase classname="testCases.TC_06_validation" name="the_id_is_not_valid_and_user_gives_correct_email_id" time="14.061"/>
  <system-out/>
</testsuite> <!-- testCases.TC_06_validation -->
