<?xml version="1.0" encoding="UTF-8"?>
<!-- Generated by org.testng.reporters.JUnitReportReporter -->
<testsuite hostname="LTIN279377" failures="0" tests="5" name="testCases.TC_05_giftCard" time="30.566" errors="0" timestamp="2024-03-09T17:22:05 IST" skipped="0">
  <testcase classname="testCases.TC_05_giftCard" name="user_clicks_on_gift_cards" time="9.520"/>
  <system-out/>
  <testcase classname="testCases.TC_05_giftCard" name="chooses_birthday_or_anniversary" time="5.272"/>
  <system-out/>
  <testcase classname="testCases.TC_05_giftCard" name="enters_the_valid_amount_month_and_date" time="4.527"/>
  <system-out/>
  <testcase classname="testCases.TC_05_giftCard" name="clicks_on_the_next_button" time="3.223"/>
  <system-out/>
  <testcase classname="testCases.TC_05_giftCard" name="fills_to_from_details" time="8.024"/>
  <system-out/>
</testsuite> <!-- testCases.TC_05_giftCard -->
