<?xml version="1.0" encoding="UTF-8"?>
<!-- Generated by org.testng.reporters.JUnitReportReporter -->
<testsuite hostname="LTIN279377" failures="0" tests="3" name="testCases.TC_01_itemToBeSearched" time="12.889" errors="0" timestamp="2024-03-09T17:22:05 IST" skipped="0">
  <testcase classname="testCases.TC_01_itemToBeSearched" name="openBrowser" time="6.773"/>
  <system-out/>
  <testcase classname="testCases.TC_01_itemToBeSearched" name="getItemName" time="3.825"/>
  <system-out/>
  <testcase classname="testCases.TC_01_itemToBeSearched" name="closePopUp" time="2.291"/>
  <system-out/>
</testsuite> <!-- testCases.TC_01_itemToBeSearched -->
